<?xml version="1.0" encoding="UTF-8"?>
<robot generator="Robot 7.2.2 (Python 3.13.2 on darwin)" generated="2025-04-20T21:00:49.163311" rpa="false" schemaversion="5">
<suite id="s1" name="Present" source="/Users/medlab/Desktop/untitled folder 2/UknowmeFinal2025/present.robot">
<test id="s1-t1" name="Test Trader And Admin Flow" line="20">
<kw name="Open Browser" owner="SeleniumLibrary">
<msg time="2025-04-20T21:00:49.751654" level="INFO">Opening browser 'chrome' to base url 'http://localhost:5173/'.</msg>
<arg>${URL}</arg>
<arg>${BROWSER}</arg>
<doc>Opens a new browser instance to the optional ``url``.</doc>
<status status="PASS" start="2025-04-20T21:00:49.751167" elapsed="2.768642"/>
</kw>
<kw name="Set Selenium Speed" owner="SeleniumLibrary">
<arg>${DELAY}</arg>
<doc>Sets the delay that is waited after each Selenium command.</doc>
<status status="PASS" start="2025-04-20T21:00:52.528828" elapsed="0.000932"/>
</kw>
<kw name="Maximize Browser Window" owner="SeleniumLibrary">
<doc>Maximizes current browser window.</doc>
<status status="PASS" start="2025-04-20T21:00:52.530191" elapsed="2.549710"/>
</kw>
<kw name="Click Element" owner="SeleniumLibrary">
<msg time="2025-04-20T21:00:55.081813" level="INFO">Clicking element '//*[@id="role-btn-trader"]'.</msg>
<arg>//*[@id="role-btn-trader"]</arg>
<doc>Click the element identified by ``locator``.</doc>
<status status="PASS" start="2025-04-20T21:00:55.080345" elapsed="0.165573"/>
</kw>
<kw name="Input Text" owner="SeleniumLibrary">
<msg time="2025-04-20T21:00:55.246477" level="INFO">Typing text 'phattarapong.phe@spumail.net' into text field '//*[@id="email-input"]'.</msg>
<arg>//*[@id="email-input"]</arg>
<arg>phattarapong.phe@spumail.net</arg>
<doc>Types the given ``text`` into the text field identified by ``locator``.</doc>
<status status="PASS" start="2025-04-20T21:00:55.246218" elapsed="0.402050"/>
</kw>
<kw name="Input Text" owner="SeleniumLibrary">
<msg time="2025-04-20T21:00:55.649226" level="INFO">Typing text '1329900959999' into text field '//*[@id="password-input"]'.</msg>
<arg>//*[@id="password-input"]</arg>
<arg>1329900959999</arg>
<doc>Types the given ``text`` into the text field identified by ``locator``.</doc>
<status status="PASS" start="2025-04-20T21:00:55.648708" elapsed="0.125055"/>
</kw>
<kw name="Sleep" owner="BuiltIn">
<msg time="2025-04-20T21:00:56.776590" level="INFO">Slept 1 second.</msg>
<arg>1s</arg>
<doc>Pauses the test executed for the given time.</doc>
<status status="PASS" start="2025-04-20T21:00:55.774236" elapsed="1.002620"/>
</kw>
<kw name="Capture Step Screenshot">
<kw name="Get Current Date" owner="DateTime">
<msg time="2025-04-20T21:00:56.780186" level="INFO">${timestamp} = 20250420_210056</msg>
<var>${timestamp}</var>
<arg>result_format=%Y%m%d_%H%M%S</arg>
<doc>Returns current local or UTC time with an optional increment.</doc>
<status status="PASS" start="2025-04-20T21:00:56.779173" elapsed="0.001096"/>
</kw>
<kw name="Capture Page Screenshot" owner="SeleniumLibrary">
<msg time="2025-04-20T21:00:57.097260" level="INFO" html="true">&lt;/td&gt;&lt;/tr&gt;&lt;tr&gt;&lt;td colspan="3"&gt;&lt;a href="screenshots/trader_login_20250420_210056.png"&gt;&lt;img src="screenshots/trader_login_20250420_210056.png" width="800px"&gt;&lt;/a&gt;</msg>
<arg>${SCREENSHOT_DIR}/${step_name}_${timestamp}.png</arg>
<doc>Takes a screenshot of the current page and embeds it into a log file.</doc>
<status status="PASS" start="2025-04-20T21:00:56.780561" elapsed="0.316872"/>
</kw>
<arg>trader_login</arg>
<status status="PASS" start="2025-04-20T21:00:56.778103" elapsed="0.319456"/>
</kw>
<kw name="Click Element" owner="SeleniumLibrary">
<msg time="2025-04-20T21:00:57.097952" level="INFO">Clicking element '//*[@id="login-submit-btn"]'.</msg>
<arg>//*[@id="login-submit-btn"]</arg>
<doc>Click the element identified by ``locator``.</doc>
<status status="PASS" start="2025-04-20T21:00:57.097764" elapsed="0.069701"/>
</kw>
<kw name="Sleep" owner="BuiltIn">
<msg time="2025-04-20T21:00:58.173734" level="INFO">Slept 1 second.</msg>
<arg>1s</arg>
<doc>Pauses the test executed for the given time.</doc>
<status status="PASS" start="2025-04-20T21:00:57.167829" elapsed="1.006270"/>
</kw>
<kw name="Capture Step Screenshot">
<kw name="Get Current Date" owner="DateTime">
<msg time="2025-04-20T21:00:58.175776" level="INFO">${timestamp} = 20250420_210058</msg>
<var>${timestamp}</var>
<arg>result_format=%Y%m%d_%H%M%S</arg>
<doc>Returns current local or UTC time with an optional increment.</doc>
<status status="PASS" start="2025-04-20T21:00:58.175202" elapsed="0.000654"/>
</kw>
<kw name="Capture Page Screenshot" owner="SeleniumLibrary">
<msg time="2025-04-20T21:00:58.536030" level="INFO" html="true">&lt;/td&gt;&lt;/tr&gt;&lt;tr&gt;&lt;td colspan="3"&gt;&lt;a href="screenshots/after_login_20250420_210058.png"&gt;&lt;img src="screenshots/after_login_20250420_210058.png" width="800px"&gt;&lt;/a&gt;</msg>
<arg>${SCREENSHOT_DIR}/${step_name}_${timestamp}.png</arg>
<doc>Takes a screenshot of the current page and embeds it into a log file.</doc>
<status status="PASS" start="2025-04-20T21:00:58.176109" elapsed="0.360033"/>
</kw>
<arg>after_login</arg>
<status status="PASS" start="2025-04-20T21:00:58.174675" elapsed="0.361630"/>
</kw>
<kw name="Wait Until Element Is Visible" owner="SeleniumLibrary">
<arg>xpath=//div[contains(@class, 'swal2-popup')]</arg>
<doc>Waits until the element ``locator`` is visible.</doc>
<status status="PASS" start="2025-04-20T21:00:58.536606" elapsed="0.023145"/>
</kw>
<kw name="Element Should Contain" owner="SeleniumLibrary">
<msg time="2025-04-20T21:00:58.583950" level="INFO">Element 'xpath=//h2[contains(@class, 'swal2-title')]' contains text 'เข้าสู่ระบบสำเร็จ!'.</msg>
<arg>xpath=//h2[contains(@class, 'swal2-title')]</arg>
<arg>เข้าสู่ระบบสำเร็จ!</arg>
<doc>Verifies that element ``locator`` contains text ``expected``.</doc>
<status status="PASS" start="2025-04-20T21:00:58.560047" elapsed="0.023998"/>
</kw>
<kw name="Capture Step Screenshot">
<kw name="Get Current Date" owner="DateTime">
<msg time="2025-04-20T21:00:58.585333" level="INFO">${timestamp} = 20250420_210058</msg>
<var>${timestamp}</var>
<arg>result_format=%Y%m%d_%H%M%S</arg>
<doc>Returns current local or UTC time with an optional increment.</doc>
<status status="PASS" start="2025-04-20T21:00:58.584942" elapsed="0.000427"/>
</kw>
<kw name="Capture Page Screenshot" owner="SeleniumLibrary">
<msg time="2025-04-20T21:00:58.913783" level="INFO" html="true">&lt;/td&gt;&lt;/tr&gt;&lt;tr&gt;&lt;td colspan="3"&gt;&lt;a href="screenshots/user_login_success_20250420_210058.png"&gt;&lt;img src="screenshots/user_login_success_20250420_210058.png" width="800px"&gt;&lt;/a&gt;</msg>
<arg>${SCREENSHOT_DIR}/${step_name}_${timestamp}.png</arg>
<doc>Takes a screenshot of the current page and embeds it into a log file.</doc>
<status status="PASS" start="2025-04-20T21:00:58.585552" elapsed="0.328342"/>
</kw>
<arg>user_login_success</arg>
<status status="PASS" start="2025-04-20T21:00:58.584399" elapsed="0.329601"/>
</kw>
<kw name="Click Element" owner="SeleniumLibrary">
<msg time="2025-04-20T21:00:58.914412" level="INFO">Clicking element 'css:.swal2-confirm'.</msg>
<arg>css:.swal2-confirm</arg>
<doc>Click the element identified by ``locator``.</doc>
<status status="PASS" start="2025-04-20T21:00:58.914225" elapsed="0.134389"/>
</kw>
<kw name="Execute Javascript" owner="SeleniumLibrary">
<msg time="2025-04-20T21:00:59.055770" level="INFO">Executing JavaScript:
window.scrollTo(0, document.body.scrollHeight)
Without any arguments.</msg>
<arg>window.scrollTo(0, document.body.scrollHeight)</arg>
<doc>Executes the given JavaScript code with possible arguments.</doc>
<status status="PASS" start="2025-04-20T21:00:59.049249" elapsed="0.115368"/>
</kw>
<kw name="Sleep" owner="BuiltIn">
<msg time="2025-04-20T21:01:00.166418" level="INFO">Slept 1 second.</msg>
<arg>1s</arg>
<doc>Pauses the test executed for the given time.</doc>
<status status="PASS" start="2025-04-20T21:00:59.164993" elapsed="1.001717"/>
</kw>
<kw name="Execute Javascript" owner="SeleniumLibrary">
<msg time="2025-04-20T21:01:00.176117" level="INFO">Executing JavaScript:
window.scrollTo(0, 0)
Without any arguments.</msg>
<arg>window.scrollTo(0, 0)</arg>
<doc>Executes the given JavaScript code with possible arguments.</doc>
<status status="PASS" start="2025-04-20T21:01:00.167427" elapsed="0.015088"/>
</kw>
<kw name="Sleep" owner="BuiltIn">
<msg time="2025-04-20T21:01:01.183638" level="INFO">Slept 1 second.</msg>
<arg>1s</arg>
<doc>Pauses the test executed for the given time.</doc>
<status status="PASS" start="2025-04-20T21:01:00.182804" elapsed="1.001434"/>
</kw>
<kw name="Get WebElement" owner="SeleniumLibrary">
<msg time="2025-04-20T21:01:01.203848" level="INFO">${slider} = &lt;selenium.webdriver.remote.webelement.WebElement (session="0f98b6a075f420261b957e4c7105c54c", element="f.8DE97717AA93FBA67A74F2EB3A41CB94.d.2117CD2E8EA3FF1B50994C544D94192A.e.53")&gt;</msg>
<var>${slider}</var>
<arg>//*[@id="main-content"]</arg>
<doc>Returns the first WebElement matching the given ``locator``.</doc>
<status status="PASS" start="2025-04-20T21:01:01.185674" elapsed="0.018238"/>
</kw>
<kw name="Drag And Drop By Offset" owner="SeleniumLibrary">
<arg>${slider}</arg>
<arg>500</arg>
<arg>0</arg>
<doc>Drags the element identified with ``locator`` by ``xoffset/yoffset``.</doc>
<status status="PASS" start="2025-04-20T21:01:01.204177" elapsed="0.551563"/>
</kw>
<kw name="Sleep" owner="BuiltIn">
<msg time="2025-04-20T21:01:02.757202" level="INFO">Slept 1 second.</msg>
<arg>1s</arg>
<doc>Pauses the test executed for the given time.</doc>
<status status="PASS" start="2025-04-20T21:01:01.756367" elapsed="1.001032"/>
</kw>
<kw name="Drag And Drop By Offset" owner="SeleniumLibrary">
<arg>${slider}</arg>
<arg>-500</arg>
<arg>0</arg>
<doc>Drags the element identified with ``locator`` by ``xoffset/yoffset``.</doc>
<status status="PASS" start="2025-04-20T21:01:02.757798" elapsed="0.529648"/>
</kw>
<kw name="Sleep" owner="BuiltIn">
<msg time="2025-04-20T21:01:04.288690" level="INFO">Slept 1 second.</msg>
<arg>1s</arg>
<doc>Pauses the test executed for the given time.</doc>
<status status="PASS" start="2025-04-20T21:01:03.287884" elapsed="1.001045"/>
</kw>
<kw name="Click Element" owner="SeleniumLibrary">
<msg time="2025-04-20T21:01:04.289703" level="INFO">Clicking element '//*[@id="course-card-6729774aed0b44b753cafb4e"]'.</msg>
<arg>//*[@id="course-card-6729774aed0b44b753cafb4e"]</arg>
<doc>Click the element identified by ``locator``.</doc>
<status status="PASS" start="2025-04-20T21:01:04.289345" elapsed="0.065789"/>
</kw>
<kw name="Sleep" owner="BuiltIn">
<msg time="2025-04-20T21:01:05.429303" level="INFO">Slept 1 second.</msg>
<arg>1s</arg>
<doc>Pauses the test executed for the given time.</doc>
<status status="PASS" start="2025-04-20T21:01:04.355627" elapsed="1.074321"/>
</kw>
<kw name="Capture Step Screenshot">
<kw name="Get Current Date" owner="DateTime">
<msg time="2025-04-20T21:01:05.436095" level="INFO">${timestamp} = 20250420_210105</msg>
<var>${timestamp}</var>
<arg>result_format=%Y%m%d_%H%M%S</arg>
<doc>Returns current local or UTC time with an optional increment.</doc>
<status status="PASS" start="2025-04-20T21:01:05.435394" elapsed="0.000829"/>
</kw>
<kw name="Capture Page Screenshot" owner="SeleniumLibrary">
<msg time="2025-04-20T21:01:06.151272" level="INFO" html="true">&lt;/td&gt;&lt;/tr&gt;&lt;tr&gt;&lt;td colspan="3"&gt;&lt;a href="screenshots/course_selection_20250420_210105.png"&gt;&lt;img src="screenshots/course_selection_20250420_210105.png" width="800px"&gt;&lt;/a&gt;</msg>
<arg>${SCREENSHOT_DIR}/${step_name}_${timestamp}.png</arg>
<doc>Takes a screenshot of the current page and embeds it into a log file.</doc>
<status status="PASS" start="2025-04-20T21:01:05.438556" elapsed="0.712873"/>
</kw>
<arg>course_selection</arg>
<status status="PASS" start="2025-04-20T21:01:05.431343" elapsed="0.720228"/>
</kw>
<kw name="Click Element" owner="SeleniumLibrary">
<msg time="2025-04-20T21:01:06.152146" level="INFO">Clicking element '//*[@id="register-course-btn"]'.</msg>
<arg>//*[@id="register-course-btn"]</arg>
<doc>Click the element identified by ``locator``.</doc>
<status status="PASS" start="2025-04-20T21:01:06.151803" elapsed="0.121797"/>
</kw>
<kw name="Sleep" owner="BuiltIn">
<msg time="2025-04-20T21:01:07.275161" level="INFO">Slept 1 second.</msg>
<arg>1s</arg>
<doc>Pauses the test executed for the given time.</doc>
<status status="PASS" start="2025-04-20T21:01:06.273946" elapsed="1.001508"/>
</kw>
<kw name="Capture Step Screenshot">
<kw name="Get Current Date" owner="DateTime">
<msg time="2025-04-20T21:01:07.279618" level="INFO">${timestamp} = 20250420_210107</msg>
<var>${timestamp}</var>
<arg>result_format=%Y%m%d_%H%M%S</arg>
<doc>Returns current local or UTC time with an optional increment.</doc>
<status status="PASS" start="2025-04-20T21:01:07.279224" elapsed="0.000501"/>
</kw>
<kw name="Capture Page Screenshot" owner="SeleniumLibrary">
<msg time="2025-04-20T21:01:07.682146" level="INFO" html="true">&lt;/td&gt;&lt;/tr&gt;&lt;tr&gt;&lt;td colspan="3"&gt;&lt;a href="screenshots/course_registration_20250420_210107.png"&gt;&lt;img src="screenshots/course_registration_20250420_210107.png" width="800px"&gt;&lt;/a&gt;</msg>
<arg>${SCREENSHOT_DIR}/${step_name}_${timestamp}.png</arg>
<doc>Takes a screenshot of the current page and embeds it into a log file.</doc>
<status status="PASS" start="2025-04-20T21:01:07.280057" elapsed="0.402297"/>
</kw>
<arg>course_registration</arg>
<status status="PASS" start="2025-04-20T21:01:07.278450" elapsed="0.404107"/>
</kw>
<kw name="Click Element" owner="SeleniumLibrary">
<msg time="2025-04-20T21:01:07.683132" level="INFO">Clicking element 'css:.swal2-confirm'.</msg>
<arg>css:.swal2-confirm</arg>
<doc>Click the element identified by ``locator``.</doc>
<status status="PASS" start="2025-04-20T21:01:07.682863" elapsed="0.062816"/>
</kw>
<kw name="Sleep" owner="BuiltIn">
<msg time="2025-04-20T21:01:08.746429" level="INFO">Slept 1 second.</msg>
<arg>1s</arg>
<doc>Pauses the test executed for the given time.</doc>
<status status="PASS" start="2025-04-20T21:01:07.745982" elapsed="1.000767"/>
</kw>
<kw name="Capture Step Screenshot">
<kw name="Get Current Date" owner="DateTime">
<msg time="2025-04-20T21:01:08.747812" level="INFO">${timestamp} = 20250420_210108</msg>
<var>${timestamp}</var>
<arg>result_format=%Y%m%d_%H%M%S</arg>
<doc>Returns current local or UTC time with an optional increment.</doc>
<status status="PASS" start="2025-04-20T21:01:08.747590" elapsed="0.000258"/>
</kw>
<kw name="Capture Page Screenshot" owner="SeleniumLibrary">
<msg time="2025-04-20T21:01:09.062917" level="INFO" html="true">&lt;/td&gt;&lt;/tr&gt;&lt;tr&gt;&lt;td colspan="3"&gt;&lt;a href="screenshots/after_registration_20250420_210108.png"&gt;&lt;img src="screenshots/after_registration_20250420_210108.png" width="800px"&gt;&lt;/a&gt;</msg>
<arg>${SCREENSHOT_DIR}/${step_name}_${timestamp}.png</arg>
<doc>Takes a screenshot of the current page and embeds it into a log file.</doc>
<status status="PASS" start="2025-04-20T21:01:08.747978" elapsed="0.315116"/>
</kw>
<arg>after_registration</arg>
<status status="PASS" start="2025-04-20T21:01:08.747211" elapsed="0.316074"/>
</kw>
<kw name="Click Element" owner="SeleniumLibrary">
<msg time="2025-04-20T21:01:09.063968" level="INFO">Clicking element '//*[@id="start-learning-btn"]'.</msg>
<arg>//*[@id="start-learning-btn"]</arg>
<doc>Click the element identified by ``locator``.</doc>
<status status="PASS" start="2025-04-20T21:01:09.063640" elapsed="0.069866"/>
</kw>
<kw name="Sleep" owner="BuiltIn">
<msg time="2025-04-20T21:01:10.135201" level="INFO">Slept 1 second.</msg>
<arg>1s</arg>
<doc>Pauses the test executed for the given time.</doc>
<status status="PASS" start="2025-04-20T21:01:09.133872" elapsed="1.001623"/>
</kw>
<kw name="Capture Step Screenshot">
<kw name="Get Current Date" owner="DateTime">
<msg time="2025-04-20T21:01:10.136889" level="INFO">${timestamp} = 20250420_210110</msg>
<var>${timestamp}</var>
<arg>result_format=%Y%m%d_%H%M%S</arg>
<doc>Returns current local or UTC time with an optional increment.</doc>
<status status="PASS" start="2025-04-20T21:01:10.136486" elapsed="0.000481"/>
</kw>
<kw name="Capture Page Screenshot" owner="SeleniumLibrary">
<msg time="2025-04-20T21:01:10.523619" level="INFO" html="true">&lt;/td&gt;&lt;/tr&gt;&lt;tr&gt;&lt;td colspan="3"&gt;&lt;a href="screenshots/start_learning_20250420_210110.png"&gt;&lt;img src="screenshots/start_learning_20250420_210110.png" width="800px"&gt;&lt;/a&gt;</msg>
<arg>${SCREENSHOT_DIR}/${step_name}_${timestamp}.png</arg>
<doc>Takes a screenshot of the current page and embeds it into a log file.</doc>
<status status="PASS" start="2025-04-20T21:01:10.137352" elapsed="0.386606"/>
</kw>
<arg>start_learning</arg>
<status status="PASS" start="2025-04-20T21:01:10.136135" elapsed="0.387948"/>
</kw>
<kw name="Click Element" owner="SeleniumLibrary">
<msg time="2025-04-20T21:01:10.525130" level="INFO">Clicking element 'css:.swal2-confirm'.</msg>
<arg>css:.swal2-confirm</arg>
<doc>Click the element identified by ``locator``.</doc>
<status status="PASS" start="2025-04-20T21:01:10.524323" elapsed="0.068289"/>
</kw>
<kw name="Sleep" owner="BuiltIn">
<msg time="2025-04-20T21:01:11.594534" level="INFO">Slept 1 second.</msg>
<arg>1s</arg>
<doc>Pauses the test executed for the given time.</doc>
<status status="PASS" start="2025-04-20T21:01:10.592936" elapsed="1.001811"/>
</kw>
<kw name="Capture Step Screenshot">
<kw name="Get Current Date" owner="DateTime">
<msg time="2025-04-20T21:01:11.596319" level="INFO">${timestamp} = 20250420_210111</msg>
<var>${timestamp}</var>
<arg>result_format=%Y%m%d_%H%M%S</arg>
<doc>Returns current local or UTC time with an optional increment.</doc>
<status status="PASS" start="2025-04-20T21:01:11.596060" elapsed="0.000300"/>
</kw>
<kw name="Capture Page Screenshot" owner="SeleniumLibrary">
<msg time="2025-04-20T21:01:11.941743" level="INFO" html="true">&lt;/td&gt;&lt;/tr&gt;&lt;tr&gt;&lt;td colspan="3"&gt;&lt;a href="screenshots/after_start_learning_20250420_210111.png"&gt;&lt;img src="screenshots/after_start_learning_20250420_210111.png" width="800px"&gt;&lt;/a&gt;</msg>
<arg>${SCREENSHOT_DIR}/${step_name}_${timestamp}.png</arg>
<doc>Takes a screenshot of the current page and embeds it into a log file.</doc>
<status status="PASS" start="2025-04-20T21:01:11.596554" elapsed="0.345332"/>
</kw>
<arg>after_start_learning</arg>
<status status="PASS" start="2025-04-20T21:01:11.595354" elapsed="0.346653"/>
</kw>
<kw name="Click Element" owner="SeleniumLibrary">
<msg time="2025-04-20T21:01:11.942478" level="INFO">Clicking element '//*[@id="cancel-enrollment-btn"]'.</msg>
<arg>//*[@id="cancel-enrollment-btn"]</arg>
<doc>Click the element identified by ``locator``.</doc>
<status status="PASS" start="2025-04-20T21:01:11.942236" elapsed="0.104591"/>
</kw>
<kw name="Sleep" owner="BuiltIn">
<msg time="2025-04-20T21:01:13.047650" level="INFO">Slept 1 second.</msg>
<arg>1s</arg>
<doc>Pauses the test executed for the given time.</doc>
<status status="PASS" start="2025-04-20T21:01:12.047215" elapsed="1.000550"/>
</kw>
<kw name="Capture Step Screenshot">
<kw name="Get Current Date" owner="DateTime">
<msg time="2025-04-20T21:01:13.048851" level="INFO">${timestamp} = 20250420_210113</msg>
<var>${timestamp}</var>
<arg>result_format=%Y%m%d_%H%M%S</arg>
<doc>Returns current local or UTC time with an optional increment.</doc>
<status status="PASS" start="2025-04-20T21:01:13.048494" elapsed="0.000395"/>
</kw>
<kw name="Capture Page Screenshot" owner="SeleniumLibrary">
<msg time="2025-04-20T21:01:13.400947" level="INFO" html="true">&lt;/td&gt;&lt;/tr&gt;&lt;tr&gt;&lt;td colspan="3"&gt;&lt;a href="screenshots/cancel_enrollment_20250420_210113.png"&gt;&lt;img src="screenshots/cancel_enrollment_20250420_210113.png" width="800px"&gt;&lt;/a&gt;</msg>
<arg>${SCREENSHOT_DIR}/${step_name}_${timestamp}.png</arg>
<doc>Takes a screenshot of the current page and embeds it into a log file.</doc>
<status status="PASS" start="2025-04-20T21:01:13.049033" elapsed="0.352023"/>
</kw>
<arg>cancel_enrollment</arg>
<status status="PASS" start="2025-04-20T21:01:13.048037" elapsed="0.353157"/>
</kw>
<kw name="Click Element" owner="SeleniumLibrary">
<msg time="2025-04-20T21:01:13.401727" level="INFO">Clicking element 'css:.swal2-confirm'.</msg>
<arg>css:.swal2-confirm</arg>
<doc>Click the element identified by ``locator``.</doc>
<status status="PASS" start="2025-04-20T21:01:13.401420" elapsed="0.065521"/>
</kw>
<kw name="Sleep" owner="BuiltIn">
<msg time="2025-04-20T21:01:14.468618" level="INFO">Slept 1 second.</msg>
<arg>1s</arg>
<doc>Pauses the test executed for the given time.</doc>
<status status="PASS" start="2025-04-20T21:01:13.467413" elapsed="1.001404"/>
</kw>
<kw name="Capture Step Screenshot">
<kw name="Get Current Date" owner="DateTime">
<msg time="2025-04-20T21:01:14.470922" level="INFO">${timestamp} = 20250420_210114</msg>
<var>${timestamp}</var>
<arg>result_format=%Y%m%d_%H%M%S</arg>
<doc>Returns current local or UTC time with an optional increment.</doc>
<status status="PASS" start="2025-04-20T21:01:14.470489" elapsed="0.000529"/>
</kw>
<kw name="Capture Page Screenshot" owner="SeleniumLibrary">
<msg time="2025-04-20T21:01:15.043510" level="INFO" html="true">&lt;/td&gt;&lt;/tr&gt;&lt;tr&gt;&lt;td colspan="3"&gt;&lt;a href="screenshots/after_success_20250420_210114.png"&gt;&lt;img src="screenshots/after_success_20250420_210114.png" width="800px"&gt;&lt;/a&gt;</msg>
<arg>${SCREENSHOT_DIR}/${step_name}_${timestamp}.png</arg>
<doc>Takes a screenshot of the current page and embeds it into a log file.</doc>
<status status="PASS" start="2025-04-20T21:01:14.471264" elapsed="0.572405"/>
</kw>
<arg>after_success</arg>
<status status="PASS" start="2025-04-20T21:01:14.469973" elapsed="0.573873"/>
</kw>
<kw name="Wait Until Element Is Visible" owner="SeleniumLibrary">
<arg>css:.swal2-confirm</arg>
<doc>Waits until the element ``locator`` is visible.</doc>
<status status="PASS" start="2025-04-20T21:01:15.044259" elapsed="0.026264"/>
</kw>
<kw name="Execute Javascript" owner="SeleniumLibrary">
<msg time="2025-04-20T21:01:15.072810" level="INFO">Executing JavaScript:
document.querySelector('.swal2-confirm').click();
Without any arguments.</msg>
<arg>document.querySelector('.swal2-confirm').click();</arg>
<doc>Executes the given JavaScript code with possible arguments.</doc>
<status status="PASS" start="2025-04-20T21:01:15.070913" elapsed="0.014420"/>
</kw>
<kw name="Sleep" owner="BuiltIn">
<msg time="2025-04-20T21:01:17.087180" level="INFO">Slept 2 seconds.</msg>
<arg>2s</arg>
<doc>Pauses the test executed for the given time.</doc>
<status status="PASS" start="2025-04-20T21:01:15.085752" elapsed="2.001649"/>
</kw>
<kw name="Wait Until Element Is Not Visible" owner="SeleniumLibrary">
<arg>css:.swal2-container</arg>
<doc>Waits until the element ``locator`` is not visible.</doc>
<status status="PASS" start="2025-04-20T21:01:17.088062" elapsed="0.010783"/>
</kw>
<kw name="Sleep" owner="BuiltIn">
<msg time="2025-04-20T21:01:18.101632" level="INFO">Slept 1 second.</msg>
<arg>1s</arg>
<doc>Pauses the test executed for the given time.</doc>
<status status="PASS" start="2025-04-20T21:01:17.099119" elapsed="1.002862"/>
</kw>
<kw name="Click Element" owner="SeleniumLibrary">
<msg time="2025-04-20T21:01:18.102483" level="INFO">Clicking element 'css:#user-menu-btn'.</msg>
<arg>css:#user-menu-btn</arg>
<doc>Click the element identified by ``locator``.</doc>
<status status="PASS" start="2025-04-20T21:01:18.102229" elapsed="0.202677"/>
</kw>
<kw name="Sleep" owner="BuiltIn">
<msg time="2025-04-20T21:01:19.305643" level="INFO">Slept 1 second.</msg>
<arg>1s</arg>
<doc>Pauses the test executed for the given time.</doc>
<status status="PASS" start="2025-04-20T21:01:18.305146" elapsed="1.000646"/>
</kw>
<kw name="Capture Step Screenshot">
<kw name="Get Current Date" owner="DateTime">
<msg time="2025-04-20T21:01:19.307345" level="INFO">${timestamp} = 20250420_210119</msg>
<var>${timestamp}</var>
<arg>result_format=%Y%m%d_%H%M%S</arg>
<doc>Returns current local or UTC time with an optional increment.</doc>
<status status="PASS" start="2025-04-20T21:01:19.306382" elapsed="0.001051"/>
</kw>
<kw name="Capture Page Screenshot" owner="SeleniumLibrary">
<msg time="2025-04-20T21:01:19.686628" level="INFO" html="true">&lt;/td&gt;&lt;/tr&gt;&lt;tr&gt;&lt;td colspan="3"&gt;&lt;a href="screenshots/user_section_20250420_210119.png"&gt;&lt;img src="screenshots/user_section_20250420_210119.png" width="800px"&gt;&lt;/a&gt;</msg>
<arg>${SCREENSHOT_DIR}/${step_name}_${timestamp}.png</arg>
<doc>Takes a screenshot of the current page and embeds it into a log file.</doc>
<status status="PASS" start="2025-04-20T21:01:19.308005" elapsed="0.379459"/>
</kw>
<arg>user_section</arg>
<status status="PASS" start="2025-04-20T21:01:19.306066" elapsed="0.381527"/>
</kw>
<kw name="Click Element" owner="SeleniumLibrary">
<msg time="2025-04-20T21:01:19.688277" level="INFO">Clicking element '//*[@id="profile-btn"]'.</msg>
<arg>//*[@id="profile-btn"]</arg>
<doc>Click the element identified by ``locator``.</doc>
<status status="PASS" start="2025-04-20T21:01:19.687951" elapsed="0.178577"/>
</kw>
<kw name="Sleep" owner="BuiltIn">
<msg time="2025-04-20T21:01:22.868327" level="INFO">Slept 3 seconds.</msg>
<arg>3s</arg>
<doc>Pauses the test executed for the given time.</doc>
<status status="PASS" start="2025-04-20T21:01:19.866993" elapsed="3.002001"/>
</kw>
<kw name="Capture Step Screenshot">
<kw name="Get Current Date" owner="DateTime">
<msg time="2025-04-20T21:01:22.870193" level="INFO">${timestamp} = 20250420_210122</msg>
<var>${timestamp}</var>
<arg>result_format=%Y%m%d_%H%M%S</arg>
<doc>Returns current local or UTC time with an optional increment.</doc>
<status status="PASS" start="2025-04-20T21:01:22.869890" elapsed="0.000345"/>
</kw>
<kw name="Capture Page Screenshot" owner="SeleniumLibrary">
<msg time="2025-04-20T21:01:23.242762" level="INFO" html="true">&lt;/td&gt;&lt;/tr&gt;&lt;tr&gt;&lt;td colspan="3"&gt;&lt;a href="screenshots/profile_20250420_210122.png"&gt;&lt;img src="screenshots/profile_20250420_210122.png" width="800px"&gt;&lt;/a&gt;</msg>
<arg>${SCREENSHOT_DIR}/${step_name}_${timestamp}.png</arg>
<doc>Takes a screenshot of the current page and embeds it into a log file.</doc>
<status status="PASS" start="2025-04-20T21:01:22.870390" elapsed="0.372484"/>
</kw>
<arg>profile</arg>
<status status="PASS" start="2025-04-20T21:01:22.869415" elapsed="0.373577"/>
</kw>
<kw name="Click Element" owner="SeleniumLibrary">
<msg time="2025-04-20T21:01:23.243523" level="INFO">Clicking element '//*[@id="my-courses-link"]'.</msg>
<arg>//*[@id="my-courses-link"]</arg>
<doc>Click the element identified by ``locator``.</doc>
<status status="PASS" start="2025-04-20T21:01:23.243274" elapsed="0.182499"/>
</kw>
<kw name="Sleep" owner="BuiltIn">
<msg time="2025-04-20T21:01:26.429242" level="INFO">Slept 3 seconds.</msg>
<arg>3s</arg>
<doc>Pauses the test executed for the given time.</doc>
<status status="PASS" start="2025-04-20T21:01:23.427339" elapsed="3.002086"/>
</kw>
<kw name="Capture Step Screenshot">
<kw name="Get Current Date" owner="DateTime">
<msg time="2025-04-20T21:01:26.430925" level="INFO">${timestamp} = 20250420_210126</msg>
<var>${timestamp}</var>
<arg>result_format=%Y%m%d_%H%M%S</arg>
<doc>Returns current local or UTC time with an optional increment.</doc>
<status status="PASS" start="2025-04-20T21:01:26.430096" elapsed="0.000885"/>
</kw>
<kw name="Capture Page Screenshot" owner="SeleniumLibrary">
<msg time="2025-04-20T21:01:26.971715" level="INFO" html="true">&lt;/td&gt;&lt;/tr&gt;&lt;tr&gt;&lt;td colspan="3"&gt;&lt;a href="screenshots/my_courses_20250420_210126.png"&gt;&lt;img src="screenshots/my_courses_20250420_210126.png" width="800px"&gt;&lt;/a&gt;</msg>
<arg>${SCREENSHOT_DIR}/${step_name}_${timestamp}.png</arg>
<doc>Takes a screenshot of the current page and embeds it into a log file.</doc>
<status status="PASS" start="2025-04-20T21:01:26.431200" elapsed="0.540690"/>
</kw>
<arg>my_courses</arg>
<status status="PASS" start="2025-04-20T21:01:26.429778" elapsed="0.542393"/>
</kw>
<kw name="Click Element" owner="SeleniumLibrary">
<msg time="2025-04-20T21:01:26.973049" level="INFO">Clicking element '//*[@id="close-history-btn"]'.</msg>
<arg>//*[@id="close-history-btn"]</arg>
<doc>Click the element identified by ``locator``.</doc>
<status status="PASS" start="2025-04-20T21:01:26.972616" elapsed="0.103848"/>
</kw>
<kw name="Click Element" owner="SeleniumLibrary">
<msg time="2025-04-20T21:01:27.077460" level="INFO">Clicking element '//*[@id="user-nav-schedule"]'.</msg>
<arg>//*[@id="user-nav-schedule"]</arg>
<doc>Click the element identified by ``locator``.</doc>
<status status="PASS" start="2025-04-20T21:01:27.077082" elapsed="0.120787"/>
</kw>
<kw name="Sleep" owner="BuiltIn">
<msg time="2025-04-20T21:01:30.201516" level="INFO">Slept 3 seconds.</msg>
<arg>3s</arg>
<doc>Pauses the test executed for the given time.</doc>
<status status="PASS" start="2025-04-20T21:01:27.198316" elapsed="3.003622"/>
</kw>
<kw name="Capture Step Screenshot">
<kw name="Get Current Date" owner="DateTime">
<msg time="2025-04-20T21:01:30.204153" level="INFO">${timestamp} = 20250420_210130</msg>
<var>${timestamp}</var>
<arg>result_format=%Y%m%d_%H%M%S</arg>
<doc>Returns current local or UTC time with an optional increment.</doc>
<status status="PASS" start="2025-04-20T21:01:30.203568" elapsed="0.000679"/>
</kw>
<kw name="Capture Page Screenshot" owner="SeleniumLibrary">
<msg time="2025-04-20T21:01:30.621803" level="INFO" html="true">&lt;/td&gt;&lt;/tr&gt;&lt;tr&gt;&lt;td colspan="3"&gt;&lt;a href="screenshots/schedule_20250420_210130.png"&gt;&lt;img src="screenshots/schedule_20250420_210130.png" width="800px"&gt;&lt;/a&gt;</msg>
<arg>${SCREENSHOT_DIR}/${step_name}_${timestamp}.png</arg>
<doc>Takes a screenshot of the current page and embeds it into a log file.</doc>
<status status="PASS" start="2025-04-20T21:01:30.204572" elapsed="0.417347"/>
</kw>
<arg>schedule</arg>
<status status="PASS" start="2025-04-20T21:01:30.202698" elapsed="0.419329"/>
</kw>
<kw name="Click Element" owner="SeleniumLibrary">
<msg time="2025-04-20T21:01:30.622448" level="INFO">Clicking element '//*[@id="start-course-btn-0"]'.</msg>
<arg>//*[@id="start-course-btn-0"]</arg>
<doc>Click the element identified by ``locator``.</doc>
<status status="PASS" start="2025-04-20T21:01:30.622239" elapsed="0.061439"/>
</kw>
<kw name="Sleep" owner="BuiltIn">
<msg time="2025-04-20T21:01:32.684236" level="INFO">Slept 2 seconds.</msg>
<arg>2s</arg>
<doc>Pauses the test executed for the given time.</doc>
<status status="PASS" start="2025-04-20T21:01:30.683965" elapsed="2.000411"/>
</kw>
<kw name="Capture Step Screenshot">
<kw name="Get Current Date" owner="DateTime">
<msg time="2025-04-20T21:01:32.688672" level="INFO">${timestamp} = 20250420_210132</msg>
<var>${timestamp}</var>
<arg>result_format=%Y%m%d_%H%M%S</arg>
<doc>Returns current local or UTC time with an optional increment.</doc>
<status status="PASS" start="2025-04-20T21:01:32.685068" elapsed="0.003647"/>
</kw>
<kw name="Capture Page Screenshot" owner="SeleniumLibrary">
<msg time="2025-04-20T21:01:32.991704" level="INFO" html="true">&lt;/td&gt;&lt;/tr&gt;&lt;tr&gt;&lt;td colspan="3"&gt;&lt;a href="screenshots/start_course_20250420_210132.png"&gt;&lt;img src="screenshots/start_course_20250420_210132.png" width="800px"&gt;&lt;/a&gt;</msg>
<arg>${SCREENSHOT_DIR}/${step_name}_${timestamp}.png</arg>
<doc>Takes a screenshot of the current page and embeds it into a log file.</doc>
<status status="PASS" start="2025-04-20T21:01:32.688864" elapsed="0.302953"/>
</kw>
<arg>start_course</arg>
<status status="PASS" start="2025-04-20T21:01:32.684701" elapsed="0.307239"/>
</kw>
<kw name="Click Element" owner="SeleniumLibrary">
<msg time="2025-04-20T21:01:32.994193" level="INFO">Clicking element 'css:.swal2-confirm'.</msg>
<arg>css:.swal2-confirm</arg>
<doc>Click the element identified by ``locator``.</doc>
<status status="PASS" start="2025-04-20T21:01:32.993997" elapsed="0.056251"/>
</kw>
<kw name="Click Element" owner="SeleniumLibrary">
<msg time="2025-04-20T21:01:33.050848" level="INFO">Clicking element '//*[@id="user-section"]'.</msg>
<arg>//*[@id="user-section"]</arg>
<doc>Click the element identified by ``locator``.</doc>
<status status="PASS" start="2025-04-20T21:01:33.050618" elapsed="0.232145"/>
</kw>
<kw name="Sleep" owner="BuiltIn">
<msg time="2025-04-20T21:01:35.283514" level="INFO">Slept 2 seconds.</msg>
<arg>2s</arg>
<doc>Pauses the test executed for the given time.</doc>
<status status="PASS" start="2025-04-20T21:01:33.283098" elapsed="2.000632"/>
</kw>
<kw name="Capture Step Screenshot">
<kw name="Get Current Date" owner="DateTime">
<msg time="2025-04-20T21:01:35.287936" level="INFO">${timestamp} = 20250420_210135</msg>
<var>${timestamp}</var>
<arg>result_format=%Y%m%d_%H%M%S</arg>
<doc>Returns current local or UTC time with an optional increment.</doc>
<status status="PASS" start="2025-04-20T21:01:35.285824" elapsed="0.002204"/>
</kw>
<kw name="Capture Page Screenshot" owner="SeleniumLibrary">
<msg time="2025-04-20T21:01:35.570724" level="INFO" html="true">&lt;/td&gt;&lt;/tr&gt;&lt;tr&gt;&lt;td colspan="3"&gt;&lt;a href="screenshots/before_password_change_20250420_210135.png"&gt;&lt;img src="screenshots/before_password_change_20250420_210135.png" width="800px"&gt;&lt;/a&gt;</msg>
<arg>${SCREENSHOT_DIR}/${step_name}_${timestamp}.png</arg>
<doc>Takes a screenshot of the current page and embeds it into a log file.</doc>
<status status="PASS" start="2025-04-20T21:01:35.288353" elapsed="0.282476"/>
</kw>
<arg>before_password_change</arg>
<status status="PASS" start="2025-04-20T21:01:35.284270" elapsed="0.286657"/>
</kw>
<kw name="Click Element" owner="SeleniumLibrary">
<msg time="2025-04-20T21:01:35.572034" level="INFO">Clicking element '//*[@id="change-password-btn"]'.</msg>
<arg>//*[@id="change-password-btn"]</arg>
<doc>Click the element identified by ``locator``.</doc>
<status status="PASS" start="2025-04-20T21:01:35.571122" elapsed="0.086120"/>
</kw>
<kw name="Input Text" owner="SeleniumLibrary">
<msg time="2025-04-20T21:01:35.658857" level="INFO">Typing text '1329900959999' into text field '//*[@id="swal-old-password"]'.</msg>
<arg>//*[@id="swal-old-password"]</arg>
<arg>1329900959999</arg>
<doc>Types the given ``text`` into the text field identified by ``locator``.</doc>
<status status="PASS" start="2025-04-20T21:01:35.657998" elapsed="0.234875"/>
</kw>
<kw name="Input Text" owner="SeleniumLibrary">
<msg time="2025-04-20T21:01:35.893783" level="INFO">Typing text '0966566414' into text field '//*[@id="swal-new-password"]'.</msg>
<arg>//*[@id="swal-new-password"]</arg>
<arg>0966566414</arg>
<doc>Types the given ``text`` into the text field identified by ``locator``.</doc>
<status status="PASS" start="2025-04-20T21:01:35.893429" elapsed="0.103015"/>
</kw>
<kw name="Sleep" owner="BuiltIn">
<msg time="2025-04-20T21:01:40.997904" level="INFO">Slept 5 seconds.</msg>
<arg>5s</arg>
<doc>Pauses the test executed for the given time.</doc>
<status status="PASS" start="2025-04-20T21:01:35.996923" elapsed="5.001170"/>
</kw>
<kw name="Capture Step Screenshot">
<kw name="Get Current Date" owner="DateTime">
<msg time="2025-04-20T21:01:41.005282" level="INFO">${timestamp} = 20250420_210141</msg>
<var>${timestamp}</var>
<arg>result_format=%Y%m%d_%H%M%S</arg>
<doc>Returns current local or UTC time with an optional increment.</doc>
<status status="PASS" start="2025-04-20T21:01:41.002820" elapsed="0.002536"/>
</kw>
<kw name="Capture Page Screenshot" owner="SeleniumLibrary">
<msg time="2025-04-20T21:01:41.291223" level="INFO" html="true">&lt;/td&gt;&lt;/tr&gt;&lt;tr&gt;&lt;td colspan="3"&gt;&lt;a href="screenshots/password_change_20250420_210141.png"&gt;&lt;img src="screenshots/password_change_20250420_210141.png" width="800px"&gt;&lt;/a&gt;</msg>
<arg>${SCREENSHOT_DIR}/${step_name}_${timestamp}.png</arg>
<doc>Takes a screenshot of the current page and embeds it into a log file.</doc>
<status status="PASS" start="2025-04-20T21:01:41.005617" elapsed="0.285716"/>
</kw>
<arg>password_change</arg>
<status status="PASS" start="2025-04-20T21:01:40.998530" elapsed="0.292903"/>
</kw>
<kw name="Click Element" owner="SeleniumLibrary">
<msg time="2025-04-20T21:01:41.292681" level="INFO">Clicking element 'css:.swal2-confirm'.</msg>
<arg>css:.swal2-confirm</arg>
<doc>Click the element identified by ``locator``.</doc>
<status status="PASS" start="2025-04-20T21:01:41.292477" elapsed="0.045908"/>
</kw>
<kw name="Sleep" owner="BuiltIn">
<msg time="2025-04-20T21:01:42.340072" level="INFO">Slept 1 second.</msg>
<arg>1s</arg>
<doc>Pauses the test executed for the given time.</doc>
<status status="PASS" start="2025-04-20T21:01:41.338954" elapsed="1.001330"/>
</kw>
<kw name="Wait Until Element Is Visible" owner="SeleniumLibrary">
<arg>css:.swal2-confirm</arg>
<doc>Waits until the element ``locator`` is visible.</doc>
<status status="PASS" start="2025-04-20T21:01:42.340966" elapsed="0.016370"/>
</kw>
<kw name="Execute Javascript" owner="SeleniumLibrary">
<msg time="2025-04-20T21:01:42.361170" level="INFO">Executing JavaScript:
document.querySelector('.swal2-confirm').click();
Without any arguments.</msg>
<arg>document.querySelector('.swal2-confirm').click();</arg>
<doc>Executes the given JavaScript code with possible arguments.</doc>
<status status="PASS" start="2025-04-20T21:01:42.357700" elapsed="0.015752"/>
</kw>
<kw name="Sleep" owner="BuiltIn">
<msg time="2025-04-20T21:01:44.375224" level="INFO">Slept 2 seconds.</msg>
<arg>2s</arg>
<doc>Pauses the test executed for the given time.</doc>
<status status="PASS" start="2025-04-20T21:01:42.373707" elapsed="2.001658"/>
</kw>
<kw name="Wait Until Element Is Not Visible" owner="SeleniumLibrary">
<arg>css:.swal2-container</arg>
<doc>Waits until the element ``locator`` is not visible.</doc>
<status status="PASS" start="2025-04-20T21:01:44.446135" elapsed="0.043948"/>
</kw>
<kw name="Sleep" owner="BuiltIn">
<msg time="2025-04-20T21:01:45.491054" level="INFO">Slept 1 second.</msg>
<arg>1s</arg>
<doc>Pauses the test executed for the given time.</doc>
<status status="PASS" start="2025-04-20T21:01:44.490421" elapsed="1.000892"/>
</kw>
<kw name="Capture Step Screenshot">
<kw name="Get Current Date" owner="DateTime">
<msg time="2025-04-20T21:01:45.493326" level="INFO">${timestamp} = 20250420_210145</msg>
<var>${timestamp}</var>
<arg>result_format=%Y%m%d_%H%M%S</arg>
<doc>Returns current local or UTC time with an optional increment.</doc>
<status status="PASS" start="2025-04-20T21:01:45.492710" elapsed="0.000717"/>
</kw>
<kw name="Capture Page Screenshot" owner="SeleniumLibrary">
<msg time="2025-04-20T21:01:45.769004" level="INFO" html="true">&lt;/td&gt;&lt;/tr&gt;&lt;tr&gt;&lt;td colspan="3"&gt;&lt;a href="screenshots/after_password_change_20250420_210145.png"&gt;&lt;img src="screenshots/after_password_change_20250420_210145.png" width="800px"&gt;&lt;/a&gt;</msg>
<arg>${SCREENSHOT_DIR}/${step_name}_${timestamp}.png</arg>
<doc>Takes a screenshot of the current page and embeds it into a log file.</doc>
<status status="PASS" start="2025-04-20T21:01:45.493803" elapsed="0.275315"/>
</kw>
<arg>after_password_change</arg>
<status status="PASS" start="2025-04-20T21:01:45.491931" elapsed="0.277326"/>
</kw>
<kw name="Click Element" owner="SeleniumLibrary">
<msg time="2025-04-20T21:01:45.769648" level="INFO">Clicking element 'css:#user-menu-btn'.</msg>
<arg>css:#user-menu-btn</arg>
<doc>Click the element identified by ``locator``.</doc>
<status status="PASS" start="2025-04-20T21:01:45.769439" elapsed="0.037937"/>
</kw>
<kw name="Sleep" owner="BuiltIn">
<msg time="2025-04-20T21:01:46.809098" level="INFO">Slept 1 second.</msg>
<arg>1s</arg>
<doc>Pauses the test executed for the given time.</doc>
<status status="PASS" start="2025-04-20T21:01:45.807604" elapsed="1.001754"/>
</kw>
<kw name="Wait Until Element Is Visible" owner="SeleniumLibrary">
<msg time="2025-04-20T21:01:52.231426" level="INFO" html="true">&lt;/td&gt;&lt;/tr&gt;&lt;tr&gt;&lt;td colspan="3"&gt;&lt;a href="selenium-screenshot-10.png"&gt;&lt;img src="selenium-screenshot-10.png" width="800px"&gt;&lt;/a&gt;</msg>
<msg time="2025-04-20T21:01:52.238214" level="FAIL">Element 'css:#logout-btn' not visible after 5 seconds.</msg>
<arg>css:#logout-btn</arg>
<doc>Waits until the element ``locator`` is visible.</doc>
<status status="FAIL" start="2025-04-20T21:01:46.809697" elapsed="5.446659">Element 'css:#logout-btn' not visible after 5 seconds.</status>
</kw>
<kw name="Click Element" owner="SeleniumLibrary">
<arg>css:#logout-btn</arg>
<doc>Click the element identified by ``locator``.</doc>
<status status="NOT RUN" start="2025-04-20T21:01:52.256643" elapsed="0.000042"/>
</kw>
<kw name="Sleep" owner="BuiltIn">
<arg>1s</arg>
<doc>Pauses the test executed for the given time.</doc>
<status status="NOT RUN" start="2025-04-20T21:01:52.256825" elapsed="0.000031"/>
</kw>
<kw name="Capture Step Screenshot">
<arg>logout</arg>
<status status="NOT RUN" start="2025-04-20T21:01:52.257440" elapsed="0.000036"/>
</kw>
<kw name="Click Element" owner="SeleniumLibrary">
<arg>//*[@id="role-btn-admin"]</arg>
<doc>Click the element identified by ``locator``.</doc>
<status status="NOT RUN" start="2025-04-20T21:01:52.257630" elapsed="0.000030"/>
</kw>
<kw name="Input Text" owner="SeleniumLibrary">
<arg>//*[@id="email-input"]</arg>
<arg>PhattarapongUknowme@gmail.com</arg>
<doc>Types the given ``text`` into the text field identified by ``locator``.</doc>
<status status="NOT RUN" start="2025-04-20T21:01:52.257785" elapsed="0.000028"/>
</kw>
<kw name="Input Text" owner="SeleniumLibrary">
<arg>//*[@id="password-input"]</arg>
<arg>65041785</arg>
<doc>Types the given ``text`` into the text field identified by ``locator``.</doc>
<status status="NOT RUN" start="2025-04-20T21:01:52.257933" elapsed="0.000028"/>
</kw>
<kw name="Sleep" owner="BuiltIn">
<arg>3s</arg>
<doc>Pauses the test executed for the given time.</doc>
<status status="NOT RUN" start="2025-04-20T21:01:52.258078" elapsed="0.000030"/>
</kw>
<kw name="Capture Step Screenshot">
<arg>admin_login</arg>
<status status="NOT RUN" start="2025-04-20T21:01:52.258246" elapsed="0.000030"/>
</kw>
<kw name="Click Element" owner="SeleniumLibrary">
<arg>//*[@id="login-submit-btn"]</arg>
<doc>Click the element identified by ``locator``.</doc>
<status status="NOT RUN" start="2025-04-20T21:01:52.258397" elapsed="0.000028"/>
</kw>
<kw name="Sleep" owner="BuiltIn">
<arg>5s</arg>
<doc>Pauses the test executed for the given time.</doc>
<status status="NOT RUN" start="2025-04-20T21:01:52.258562" elapsed="0.000029"/>
</kw>
<kw name="Capture Step Screenshot">
<arg>after_admin_login</arg>
<status status="NOT RUN" start="2025-04-20T21:01:52.258729" elapsed="0.000029"/>
</kw>
<kw name="Click Element" owner="SeleniumLibrary">
<arg>css:.swal2-confirm</arg>
<doc>Click the element identified by ``locator``.</doc>
<status status="NOT RUN" start="2025-04-20T21:01:52.258899" elapsed="0.000028"/>
</kw>
<kw name="Click Element" owner="SeleniumLibrary">
<arg>//*[@id="course-card-672976dbed0b44b753cafb49"]</arg>
<doc>Click the element identified by ``locator``.</doc>
<status status="NOT RUN" start="2025-04-20T21:01:52.259052" elapsed="0.000039"/>
</kw>
<kw name="Sleep" owner="BuiltIn">
<arg>3s</arg>
<doc>Pauses the test executed for the given time.</doc>
<status status="NOT RUN" start="2025-04-20T21:01:52.259207" elapsed="0.000028"/>
</kw>
<kw name="Capture Step Screenshot">
<arg>admin_course_view</arg>
<status status="NOT RUN" start="2025-04-20T21:01:52.259368" elapsed="0.000029"/>
</kw>
<kw name="Click Element" owner="SeleniumLibrary">
<arg>//*[@id="show-participants-btn"]</arg>
<doc>Click the element identified by ``locator``.</doc>
<status status="NOT RUN" start="2025-04-20T21:01:52.259518" elapsed="0.000028"/>
</kw>
<kw name="Sleep" owner="BuiltIn">
<arg>3s</arg>
<doc>Pauses the test executed for the given time.</doc>
<status status="NOT RUN" start="2025-04-20T21:01:52.259659" elapsed="0.000028"/>
</kw>
<kw name="Click Element" owner="SeleniumLibrary">
<arg>//*[@id="check-participant-67dc41d258cdf8f0d4cae527"]</arg>
<doc>Click the element identified by ``locator``.</doc>
<status status="NOT RUN" start="2025-04-20T21:01:52.259804" elapsed="0.000041"/>
</kw>
<kw name="Sleep" owner="BuiltIn">
<arg>5s</arg>
<doc>Pauses the test executed for the given time.</doc>
<status status="NOT RUN" start="2025-04-20T21:01:52.259963" elapsed="0.000028"/>
</kw>
<kw name="Capture Step Screenshot">
<arg>participant_check</arg>
<status status="NOT RUN" start="2025-04-20T21:01:52.260150" elapsed="0.000030"/>
</kw>
<kw name="Click Element" owner="SeleniumLibrary">
<arg>//*[@id="save-participants"]</arg>
<doc>Click the element identified by ``locator``.</doc>
<status status="NOT RUN" start="2025-04-20T21:01:52.260303" elapsed="0.000028"/>
</kw>
<kw name="Sleep" owner="BuiltIn">
<arg>3s</arg>
<doc>Pauses the test executed for the given time.</doc>
<status status="NOT RUN" start="2025-04-20T21:01:52.260446" elapsed="0.000031"/>
</kw>
<kw name="Click Element" owner="SeleniumLibrary">
<arg>//*[@id="close-check-name"]</arg>
<doc>Click the element identified by ``locator``.</doc>
<status status="NOT RUN" start="2025-04-20T21:01:52.260598" elapsed="0.000028"/>
</kw>
<kw name="Click Element" owner="SeleniumLibrary">
<arg>//*[@id="nav-courses"]</arg>
<doc>Click the element identified by ``locator``.</doc>
<status status="NOT RUN" start="2025-04-20T21:01:52.260745" elapsed="0.000027"/>
</kw>
<kw name="Click Element" owner="SeleniumLibrary">
<arg>//*[@id="edit-btn-6729751eed0b44b753cafb3a"]</arg>
<doc>Click the element identified by ``locator``.</doc>
<status status="NOT RUN" start="2025-04-20T21:01:52.260897" elapsed="0.000068"/>
</kw>
<kw name="Sleep" owner="BuiltIn">
<arg>3s</arg>
<doc>Pauses the test executed for the given time.</doc>
<status status="NOT RUN" start="2025-04-20T21:01:52.261130" elapsed="0.000033"/>
</kw>
<kw name="Capture Step Screenshot">
<arg>course_edit</arg>
<status status="NOT RUN" start="2025-04-20T21:01:52.261330" elapsed="0.000033"/>
</kw>
<kw name="Input Text" owner="SeleniumLibrary">
<arg>//*[@id="trainingLocation-edit-modal-6729751eed0b44b753cafb3a"]</arg>
<arg>University</arg>
<doc>Types the given ``text`` into the text field identified by ``locator``.</doc>
<status status="NOT RUN" start="2025-04-20T21:01:52.261515" elapsed="0.000030"/>
</kw>
<kw name="Sleep" owner="BuiltIn">
<arg>3s</arg>
<doc>Pauses the test executed for the given time.</doc>
<status status="NOT RUN" start="2025-04-20T21:01:52.261694" elapsed="0.000028"/>
</kw>
<kw name="Capture Step Screenshot">
<arg>location_edit</arg>
<status status="NOT RUN" start="2025-04-20T21:01:52.261867" elapsed="0.000029"/>
</kw>
<kw name="Click Element" owner="SeleniumLibrary">
<arg>//*[@id="nav-schedule"]</arg>
<doc>Click the element identified by ``locator``.</doc>
<status status="NOT RUN" start="2025-04-20T21:01:52.262016" elapsed="0.000027"/>
</kw>
<kw name="Sleep" owner="BuiltIn">
<arg>3s</arg>
<doc>Pauses the test executed for the given time.</doc>
<status status="NOT RUN" start="2025-04-20T21:01:52.262153" elapsed="0.000026"/>
</kw>
<kw name="Capture Step Screenshot">
<arg>schedule_view</arg>
<status status="NOT RUN" start="2025-04-20T21:01:52.262312" elapsed="0.000028"/>
</kw>
<kw name="Click Element" owner="SeleniumLibrary">
<arg>//*[@id="view-participants-672976dbed0b44b753cafb49"]</arg>
<doc>Click the element identified by ``locator``.</doc>
<status status="NOT RUN" start="2025-04-20T21:01:52.262457" elapsed="0.000031"/>
</kw>
<kw name="Sleep" owner="BuiltIn">
<arg>3s</arg>
<doc>Pauses the test executed for the given time.</doc>
<status status="NOT RUN" start="2025-04-20T21:01:52.262597" elapsed="0.000026"/>
</kw>
<kw name="Capture Step Screenshot">
<arg>participants_view</arg>
<status status="NOT RUN" start="2025-04-20T21:01:52.262771" elapsed="0.000028"/>
</kw>
<kw name="Click Element" owner="SeleniumLibrary">
<arg>//*[@id="close-check-name"]</arg>
<doc>Click the element identified by ``locator``.</doc>
<status status="NOT RUN" start="2025-04-20T21:01:52.262917" elapsed="0.000028"/>
</kw>
<status status="FAIL" start="2025-04-20T21:00:49.748922" elapsed="62.514532">Element 'css:#logout-btn' not visible after 5 seconds.</status>
</test>
<status status="FAIL" start="2025-04-20T21:00:49.165024" elapsed="63.102178"/>
</suite>
<statistics>
<total>
<stat pass="0" fail="1" skip="0">All Tests</stat>
</total>
<tag>
</tag>
<suite>
<stat name="Present" id="s1" pass="0" fail="1" skip="0">Present</stat>
</suite>
</statistics>
<errors>
</errors>
</robot>
